<?xml version="1.0" encoding="UTF-8"?>
<!-- Generated by org.testng.reporters.JUnitReportReporter -->
<testsuite hostname="Nishas-MacBook-Air.local" failures="0" tests="1" name="nishaHashmi.CucumberFramebook.test1" time="11.453" errors="0" timestamp="2023-12-11T12:22:42 IST" skipped="0">
  <testcase classname="nishaHashmi.CucumberFramebook.test1" name="revoke" time="11.453"/>
  <system-out/>
</testsuite> <!-- nishaHashmi.CucumberFramebook.test1 -->
